<?xml version='1.0' encoding='UTF-8'?>
<testsuite hostname="LAPTOP-OLOKS0CM" name="integrate.software1Test" tests="15" errors="0" failures="5" skipped="0" time="27.321" timestamp="2024-05-24T16:09:25">
          <properties>
[...]
</properties>
          <testcase classname="integrate.software1Test" name="Software1 Test should correctly initialize the data address" time="1.169">
                      
                    </testcase><testcase classname="integrate.software1Test" name="Software1 Test should correctly initialize the data address : t1" time="0.904">
                      
                    </testcase><testcase classname="integrate.software1Test" name="Software1 Test should correctly initialize the data address : t2" time="0.693">
                      
                    </testcase><testcase classname="integrate.software1Test" name="Software1 Test should jump to the correct place1 : stay in the cycle if no correct input in button" time="1.121">
                      
                    </testcase><testcase classname="integrate.software1Test" name="Software1 Test should jump to the correct place2 : jump to case 0 if input 0 in button" time="1.862">
                      
                    </testcase><testcase classname="integrate.software1Test" name="Software1 Test should jump to the correct place3 : jump to case 1 if input 1 in button" time="1.247">
                      
                    </testcase><testcase classname="integrate.software1Test" name="Software1 Test should jump to the correct place4 : jump to case 2 if input 2 in button" time="1.263">
                      
                    </testcase><testcase classname="integrate.software1Test" name="Software1 Test should jump to the correct place5 : jump to case 3 if input 3 in button" time="2.452">
                      
                    </testcase><testcase classname="integrate.software1Test" name="Software1 Test should jump to the correct place5 : jump to case 3 if input 3 in button _ test jump" time="2.372">
                      <failure message="debug_io_reg_vals_reg_vals_31=0 (0x0) did not equal expected=1 (0x1) (lines in software1Test.scala: 238, 191)" type="org.scalatest.exceptions.TestFailedException">org.scalatest.exceptions.TestFailedException: debug_io_reg_vals_reg_vals_31=0 (0x0) did not equal expected=1 (0x1) (lines in software1Test.scala: 238, 191)
	at chiseltest.internal.TestEnvInterface.signalExpectFailure(TestEnvInterface.scala:58)
	at chiseltest.internal.TestEnvInterface.signalExpectFailure$(TestEnvInterface.scala:45)
	at integrate.software1Test.signalExpectFailure(software1Test.scala:10)
	at chiseltest.package$Utils$.expectFailed(package.scala:512)
	at chiseltest.package$Utils$.expectBits(package.scala:503)
	at chiseltest.package$testableUInt.expectInternal(package.scala:55)
	at chiseltest.package$testableUInt.expect(package.scala:57)
	at utils.InsUtils$.checkRegsInTop(InsUtils.scala:51)
	at integrate.software1Test.$anonfun$new$27(software1Test.scala:238)
	at integrate.software1Test.$anonfun$new$27$adapted(software1Test.scala:191)
	at chiseltest.internal.GenericBackend.$anonfun$run$1(GenericBackend.scala:151)
	at chiseltest.internal.ThreadedBackend$TesterThread$$anon$1.$anonfun$run$1(ThreadedBackend.scala:495)
	at chiseltest.internal.GenericBackend.doTimescope(GenericBackend.scala:96)
	at chiseltest.internal.ThreadedBackend$TesterThread$$anon$1.run(ThreadedBackend.scala:495)
	at java.base/java.lang.Thread.run(Thread.java:833)
Caused by: chiseltest.internal.FailedExpectException: debug_io_reg_vals_reg_vals_31=0 (0x0) did not equal expected=1 (0x1) (lines in software1Test.scala: 238, 191)
	... 15 more
</failure>
                    </testcase><testcase classname="integrate.software1Test" name="Software1 Test should jump to the correct place5.1 : jump to case 3 if input 3 in button" time="2.34">
                      <failure message="debug_io_reg_vals_reg_vals_31=0 (0x0) did not equal expected=1 (0x1) (lines in software1Test.scala: 292, 246)" type="org.scalatest.exceptions.TestFailedException">org.scalatest.exceptions.TestFailedException: debug_io_reg_vals_reg_vals_31=0 (0x0) did not equal expected=1 (0x1) (lines in software1Test.scala: 292, 246)
	at chiseltest.internal.TestEnvInterface.signalExpectFailure(TestEnvInterface.scala:58)
	at chiseltest.internal.TestEnvInterface.signalExpectFailure$(TestEnvInterface.scala:45)
	at integrate.software1Test.signalExpectFailure(software1Test.scala:10)
	at chiseltest.package$Utils$.expectFailed(package.scala:512)
	at chiseltest.package$Utils$.expectBits(package.scala:503)
	at chiseltest.package$testableUInt.expectInternal(package.scala:55)
	at chiseltest.package$testableUInt.expect(package.scala:57)
	at utils.InsUtils$.checkRegsInTop(InsUtils.scala:51)
	at integrate.software1Test.$anonfun$new$30(software1Test.scala:292)
	at integrate.software1Test.$anonfun$new$30$adapted(software1Test.scala:246)
	at chiseltest.internal.GenericBackend.$anonfun$run$1(GenericBackend.scala:151)
	at chiseltest.internal.ThreadedBackend$TesterThread$$anon$1.$anonfun$run$1(ThreadedBackend.scala:495)
	at chiseltest.internal.GenericBackend.doTimescope(GenericBackend.scala:96)
	at chiseltest.internal.ThreadedBackend$TesterThread$$anon$1.run(ThreadedBackend.scala:495)
	at java.base/java.lang.Thread.run(Thread.java:833)
Caused by: chiseltest.internal.FailedExpectException: debug_io_reg_vals_reg_vals_31=0 (0x0) did not equal expected=1 (0x1) (lines in software1Test.scala: 292, 246)
	... 15 more
</failure>
                    </testcase><testcase classname="integrate.software1Test" name="Software1 Test should jump to the correct place6 : jump to case 4 if input 4 in button" time="2.397">
                      <failure message="debug_io_reg_vals_reg_vals_31=0 (0x0) did not equal expected=1 (0x1) (lines in software1Test.scala: 348, 300)" type="org.scalatest.exceptions.TestFailedException">org.scalatest.exceptions.TestFailedException: debug_io_reg_vals_reg_vals_31=0 (0x0) did not equal expected=1 (0x1) (lines in software1Test.scala: 348, 300)
	at chiseltest.internal.TestEnvInterface.signalExpectFailure(TestEnvInterface.scala:58)
	at chiseltest.internal.TestEnvInterface.signalExpectFailure$(TestEnvInterface.scala:45)
	at integrate.software1Test.signalExpectFailure(software1Test.scala:10)
	at chiseltest.package$Utils$.expectFailed(package.scala:512)
	at chiseltest.package$Utils$.expectBits(package.scala:503)
	at chiseltest.package$testableUInt.expectInternal(package.scala:55)
	at chiseltest.package$testableUInt.expect(package.scala:57)
	at utils.InsUtils$.checkRegsInTop(InsUtils.scala:51)
	at integrate.software1Test.$anonfun$new$33(software1Test.scala:348)
	at integrate.software1Test.$anonfun$new$33$adapted(software1Test.scala:300)
	at chiseltest.internal.GenericBackend.$anonfun$run$1(GenericBackend.scala:151)
	at chiseltest.internal.ThreadedBackend$TesterThread$$anon$1.$anonfun$run$1(ThreadedBackend.scala:495)
	at chiseltest.internal.GenericBackend.doTimescope(GenericBackend.scala:96)
	at chiseltest.internal.ThreadedBackend$TesterThread$$anon$1.run(ThreadedBackend.scala:495)
	at java.base/java.lang.Thread.run(Thread.java:833)
Caused by: chiseltest.internal.FailedExpectException: debug_io_reg_vals_reg_vals_31=0 (0x0) did not equal expected=1 (0x1) (lines in software1Test.scala: 348, 300)
	... 15 more
</failure>
                    </testcase><testcase classname="integrate.software1Test" name="Software1 Test should jump to the correct place7 : jump to case 5 if input 5 in button" time="2.544">
                      
                    </testcase><testcase classname="integrate.software1Test" name="Software1 Test should jump to the correct place7.2 : jump to case 5 if input 5 in button" time="2.207">
                      <failure message="debug_io_reg_vals_reg_vals_31=0 (0x0) did not equal expected=1 (0x1) (lines in software1Test.scala: 455, 410)" type="org.scalatest.exceptions.TestFailedException">org.scalatest.exceptions.TestFailedException: debug_io_reg_vals_reg_vals_31=0 (0x0) did not equal expected=1 (0x1) (lines in software1Test.scala: 455, 410)
	at chiseltest.internal.TestEnvInterface.signalExpectFailure(TestEnvInterface.scala:58)
	at chiseltest.internal.TestEnvInterface.signalExpectFailure$(TestEnvInterface.scala:45)
	at integrate.software1Test.signalExpectFailure(software1Test.scala:10)
	at chiseltest.package$Utils$.expectFailed(package.scala:512)
	at chiseltest.package$Utils$.expectBits(package.scala:503)
	at chiseltest.package$testableUInt.expectInternal(package.scala:55)
	at chiseltest.package$testableUInt.expect(package.scala:57)
	at utils.InsUtils$.checkRegsInTop(InsUtils.scala:51)
	at integrate.software1Test.$anonfun$new$39(software1Test.scala:455)
	at integrate.software1Test.$anonfun$new$39$adapted(software1Test.scala:410)
	at chiseltest.internal.GenericBackend.$anonfun$run$1(GenericBackend.scala:151)
	at chiseltest.internal.ThreadedBackend$TesterThread$$anon$1.$anonfun$run$1(ThreadedBackend.scala:495)
	at chiseltest.internal.GenericBackend.doTimescope(GenericBackend.scala:96)
	at chiseltest.internal.ThreadedBackend$TesterThread$$anon$1.run(ThreadedBackend.scala:495)
	at java.base/java.lang.Thread.run(Thread.java:833)
Caused by: chiseltest.internal.FailedExpectException: debug_io_reg_vals_reg_vals_31=0 (0x0) did not equal expected=1 (0x1) (lines in software1Test.scala: 455, 410)
	... 15 more
</failure>
                    </testcase><testcase classname="integrate.software1Test" name="Software1 Test should jump to the correct place8 : jump to case 6 if input 6 in button" time="2.435">
                      
                    </testcase><testcase classname="integrate.software1Test" name="Software1 Test should jump to the correct place9 : jump to case 7 if input 7 in button" time="2.315">
                      <failure message="debug_io_reg_vals_reg_vals_31=0 (0x0) did not equal expected=1 (0x1) (lines in software1Test.scala: 561, 516)" type="org.scalatest.exceptions.TestFailedException">org.scalatest.exceptions.TestFailedException: debug_io_reg_vals_reg_vals_31=0 (0x0) did not equal expected=1 (0x1) (lines in software1Test.scala: 561, 516)
	at chiseltest.internal.TestEnvInterface.signalExpectFailure(TestEnvInterface.scala:58)
	at chiseltest.internal.TestEnvInterface.signalExpectFailure$(TestEnvInterface.scala:45)
	at integrate.software1Test.signalExpectFailure(software1Test.scala:10)
	at chiseltest.package$Utils$.expectFailed(package.scala:512)
	at chiseltest.package$Utils$.expectBits(package.scala:503)
	at chiseltest.package$testableUInt.expectInternal(package.scala:55)
	at chiseltest.package$testableUInt.expect(package.scala:57)
	at utils.InsUtils$.checkRegsInTop(InsUtils.scala:51)
	at integrate.software1Test.$anonfun$new$45(software1Test.scala:561)
	at integrate.software1Test.$anonfun$new$45$adapted(software1Test.scala:516)
	at chiseltest.internal.GenericBackend.$anonfun$run$1(GenericBackend.scala:151)
	at chiseltest.internal.ThreadedBackend$TesterThread$$anon$1.$anonfun$run$1(ThreadedBackend.scala:495)
	at chiseltest.internal.GenericBackend.doTimescope(GenericBackend.scala:96)
	at chiseltest.internal.ThreadedBackend$TesterThread$$anon$1.run(ThreadedBackend.scala:495)
	at java.base/java.lang.Thread.run(Thread.java:833)
Caused by: chiseltest.internal.FailedExpectException: debug_io_reg_vals_reg_vals_31=0 (0x0) did not equal expected=1 (0x1) (lines in software1Test.scala: 561, 516)
	... 15 more
</failure>
                    </testcase>
          <system-out><![CDATA[]]></system-out>
          <system-err><![CDATA[]]></system-err>
        </testsuite>