<?xml version='1.0' encoding='UTF-8'?>
<testsuite hostname="LAPTOP-OLOKS0CM" name="integrate.CoreTopTest" tests="25" errors="0" failures="1" skipped="0" time="7.75" timestamp="2024-05-22T01:54:18">
          <properties>
[...]
</properties>
          <testcase classname="integrate.CoreTopTest" name="CPU Core should addi x1,x0,1 -&gt; x1=1" time="0.292">
                      
                    </testcase><testcase classname="integrate.CoreTopTest" name="CPU Core should addi x1,x0,-1 x1=&gt;-1" time="0.313">
                      
                    </testcase><testcase classname="integrate.CoreTopTest" name="CPU Core should beq1" time="0.306">
                      
                    </testcase><testcase classname="integrate.CoreTopTest" name="CPU Core should not beq" time="0.311">
                      
                    </testcase><testcase classname="integrate.CoreTopTest" name="CPU Core should lw and sw" time="0.325">
                      
                    </testcase><testcase classname="integrate.CoreTopTest" name="CPU Core should lw 1" time="0.303">
                      
                    </testcase><testcase classname="integrate.CoreTopTest" name="CPU Core should lb and sb (1)" time="0.32">
                      
                    </testcase><testcase classname="integrate.CoreTopTest" name="CPU Core should lb and sb (2)" time="0.318">
                      
                    </testcase><testcase classname="integrate.CoreTopTest" name="CPU Core should lb and sb (3)" time="0.295">
                      
                    </testcase><testcase classname="integrate.CoreTopTest" name="CPU Core should lb (1)" time="0.313">
                      
                    </testcase><testcase classname="integrate.CoreTopTest" name="CPU Core should lb (2)" time="0.347">
                      <failure message="debug_io_reg_vals_reg_vals_1=128 (0x80) did not equal expected=4294967168 (0xffffff80) (lines in CoreTopTest.scala: 154, 152)" type="org.scalatest.exceptions.TestFailedException">org.scalatest.exceptions.TestFailedException: debug_io_reg_vals_reg_vals_1=128 (0x80) did not equal expected=4294967168 (0xffffff80) (lines in CoreTopTest.scala: 154, 152)
	at chiseltest.internal.TestEnvInterface.signalExpectFailure(TestEnvInterface.scala:58)
	at chiseltest.internal.TestEnvInterface.signalExpectFailure$(TestEnvInterface.scala:45)
	at integrate.CoreTopTest.signalExpectFailure(CoreTopTest.scala:10)
	at chiseltest.package$Utils$.expectFailed(package.scala:512)
	at chiseltest.package$Utils$.expectBits(package.scala:503)
	at chiseltest.package$testableUInt.expectInternal(package.scala:55)
	at chiseltest.package$testableUInt.expect(package.scala:57)
	at utils.InsUtils$.checkRegsInCPU(InsUtils.scala:27)
	at integrate.CoreTopTest.$anonfun$new$33(CoreTopTest.scala:154)
	at integrate.CoreTopTest.$anonfun$new$33$adapted(CoreTopTest.scala:152)
	at chiseltest.internal.GenericBackend.$anonfun$run$1(GenericBackend.scala:151)
	at chiseltest.internal.ThreadedBackend$TesterThread$$anon$1.$anonfun$run$1(ThreadedBackend.scala:495)
	at chiseltest.internal.GenericBackend.doTimescope(GenericBackend.scala:96)
	at chiseltest.internal.ThreadedBackend$TesterThread$$anon$1.run(ThreadedBackend.scala:495)
	at java.base/java.lang.Thread.run(Thread.java:833)
Caused by: chiseltest.internal.FailedExpectException: debug_io_reg_vals_reg_vals_1=128 (0x80) did not equal expected=4294967168 (0xffffff80) (lines in CoreTopTest.scala: 154, 152)
	... 15 more
</failure>
                    </testcase><testcase classname="integrate.CoreTopTest" name="CPU Core should lb (3)" time="0.309">
                      
                    </testcase><testcase classname="integrate.CoreTopTest" name="CPU Core should not bgeu" time="0.334">
                      
                    </testcase><testcase classname="integrate.CoreTopTest" name="CPU Core should bgeu" time="0.295">
                      
                    </testcase><testcase classname="integrate.CoreTopTest" name="CPU Core should blt" time="0.307">
                      
                    </testcase><testcase classname="integrate.CoreTopTest" name="CPU Core should not blt" time="0.291">
                      
                    </testcase><testcase classname="integrate.CoreTopTest" name="CPU Core should jalr" time="0.288">
                      
                    </testcase><testcase classname="integrate.CoreTopTest" name="CPU Core should not bne" time="0.315">
                      
                    </testcase><testcase classname="integrate.CoreTopTest" name="CPU Core should bne" time="0.313">
                      
                    </testcase><testcase classname="integrate.CoreTopTest" name="CPU Core should not jalr" time="0.321">
                      
                    </testcase><testcase classname="integrate.CoreTopTest" name="CPU Core should jal" time="0.3">
                      
                    </testcase><testcase classname="integrate.CoreTopTest" name="CPU Core should lui" time="0.309">
                      
                    </testcase><testcase classname="integrate.CoreTopTest" name="CPU Core should auipc" time="0.31">
                      
                    </testcase><testcase classname="integrate.CoreTopTest" name="CPU Core should be able to self write" time="0.302">
                      
                    </testcase><testcase classname="integrate.CoreTopTest" name="CPU Core should load and save" time="0.313">
                      
                    </testcase>
          <system-out><![CDATA[]]></system-out>
          <system-err><![CDATA[]]></system-err>
        </testsuite>