<?xml version='1.0' encoding='UTF-8'?>
<testsuite hostname="LAPTOP-OLOKS0CM" name="integrate.software2Test" tests="34" errors="0" failures="3" skipped="0" time="48.829" timestamp="2024-05-25T16:30:50">
          <properties>
[...]
</properties>
          <testcase classname="integrate.software2Test" name="Software1 Test should correctly initialize the data address" time="0.489">
                      
                    </testcase><testcase classname="integrate.software2Test" name="Software1 Test should pass test case 0 _ v1.0.1" time="1.45">
                      
                    </testcase><testcase classname="integrate.software2Test" name="Software1 Test should pass test case 0 _ v1.t1.1" time="1.423">
                      
                    </testcase><testcase classname="integrate.software2Test" name="Software1 Test should pass test case 0 _ v1.t2.1" time="1.601">
                      
                    </testcase><testcase classname="integrate.software2Test" name="Software1 Test should pass test case 1 _ v1.0.1" time="1.474">
                      
                    </testcase><testcase classname="integrate.software2Test" name="Software1 Test should pass test case 1 _ v1.0.2" time="1.422">
                      
                    </testcase><testcase classname="integrate.software2Test" name="Software1 Test should pass test case 1 _ v1.0.3" time="1.426">
                      
                    </testcase><testcase classname="integrate.software2Test" name="Software1 Test should pass test case 1 _ v1.0.4" time="1.401">
                      
                    </testcase><testcase classname="integrate.software2Test" name="Software1 Test should pass test case 1 _ v1.0.5" time="1.465">
                      
                    </testcase><testcase classname="integrate.software2Test" name="Software1 Test should pass test case 1 _ v1.0.6 : corner case - very small" time="1.468">
                      
                    </testcase><testcase classname="integrate.software2Test" name="Software1 Test should pass test case 1 _ v1.0.7 : corner case - very small" time="1.405">
                      <failure message="io_led_led=1 (0x1) did not equal expected=0 (0x0) (lines in software2Test.scala: 240)" type="org.scalatest.exceptions.TestFailedException">org.scalatest.exceptions.TestFailedException: io_led_led=1 (0x1) did not equal expected=0 (0x0) (lines in software2Test.scala: 240)
	at chiseltest.internal.TestEnvInterface.signalExpectFailure(TestEnvInterface.scala:58)
	at chiseltest.internal.TestEnvInterface.signalExpectFailure$(TestEnvInterface.scala:45)
	at integrate.software2Test.signalExpectFailure(software2Test.scala:10)
	at chiseltest.package$Utils$.expectFailed(package.scala:512)
	at chiseltest.package$Utils$.expectBits(package.scala:503)
	at chiseltest.package$testableUInt.expectInternal(package.scala:55)
	at chiseltest.package$testableUInt.expect(package.scala:57)
	at integrate.software2Test.$anonfun$new$33(software2Test.scala:257)
	at integrate.software2Test.$anonfun$new$33$adapted(software2Test.scala:240)
	at chiseltest.internal.GenericBackend.$anonfun$run$1(GenericBackend.scala:151)
	at chiseltest.internal.ThreadedBackend$TesterThread$$anon$1.$anonfun$run$1(ThreadedBackend.scala:495)
	at chiseltest.internal.GenericBackend.doTimescope(GenericBackend.scala:96)
	at chiseltest.internal.ThreadedBackend$TesterThread$$anon$1.run(ThreadedBackend.scala:495)
	at java.base/java.lang.Thread.run(Thread.java:833)
Caused by: chiseltest.internal.FailedExpectException: io_led_led=1 (0x1) did not equal expected=0 (0x0) (lines in software2Test.scala: 240)
	... 14 more
</failure>
                    </testcase><testcase classname="integrate.software2Test" name="Software1 Test should pass test case 1 _ v1.0.8 : corner case - very small" time="1.418">
                      
                    </testcase><testcase classname="integrate.software2Test" name="Software1 Test should pass test case 1 _ v1.0.9 : corner case - very large (inf)" time="1.44">
                      <failure message="Value 17592186044416 does not fit into the range of Top.io.led.led: IO[UInt&lt;24&gt;] (0 ... 16777215)" type="chisel3.internal.ChiselException">chisel3.internal.ChiselException: Value 17592186044416 does not fit into the range of Top.io.led.led: IO[UInt&lt;24&gt;] (0 ... 16777215)
	at chiseltest.package$Utils$.ensureInRange(package.scala:401)
	at chiseltest.package$Utils$.ensureFits(package.scala:384)
	at chiseltest.package$testableUInt.expectInternal(package.scala:54)
	at chiseltest.package$testableUInt.expect(package.scala:57)
	at integrate.software2Test.$anonfun$new$39(software2Test.scala:302)
	at integrate.software2Test.$anonfun$new$39$adapted(software2Test.scala:285)
	at chiseltest.internal.GenericBackend.$anonfun$run$1(GenericBackend.scala:151)
	at chiseltest.internal.ThreadedBackend$TesterThread$$anon$1.$anonfun$run$1(ThreadedBackend.scala:495)
	at chiseltest.internal.GenericBackend.doTimescope(GenericBackend.scala:96)
	at chiseltest.internal.ThreadedBackend$TesterThread$$anon$1.run(ThreadedBackend.scala:495)
	at java.base/java.lang.Thread.run(Thread.java:833)
</failure>
                    </testcase><testcase classname="integrate.software2Test" name="Software1 Test should pass test case 1 _ v1.0.10  : corner case - very large (-inf)" time="1.391">
                      
                    </testcase><testcase classname="integrate.software2Test" name="Software1 Test should pass test case 1 _ v1.0.11  : corner case - very large (NaN)" time="1.44">
                      <failure message="Value 17592186044416 does not fit into the range of Top.io.led.led: IO[UInt&lt;24&gt;] (0 ... 16777215)" type="chisel3.internal.ChiselException">chisel3.internal.ChiselException: Value 17592186044416 does not fit into the range of Top.io.led.led: IO[UInt&lt;24&gt;] (0 ... 16777215)
	at chiseltest.package$Utils$.ensureInRange(package.scala:401)
	at chiseltest.package$Utils$.ensureFits(package.scala:384)
	at chiseltest.package$testableUInt.expectInternal(package.scala:54)
	at chiseltest.package$testableUInt.expect(package.scala:57)
	at integrate.software2Test.$anonfun$new$45(software2Test.scala:348)
	at integrate.software2Test.$anonfun$new$45$adapted(software2Test.scala:331)
	at chiseltest.internal.GenericBackend.$anonfun$run$1(GenericBackend.scala:151)
	at chiseltest.internal.ThreadedBackend$TesterThread$$anon$1.$anonfun$run$1(ThreadedBackend.scala:495)
	at chiseltest.internal.GenericBackend.doTimescope(GenericBackend.scala:96)
	at chiseltest.internal.ThreadedBackend$TesterThread$$anon$1.run(ThreadedBackend.scala:495)
	at java.base/java.lang.Thread.run(Thread.java:833)
</failure>
                    </testcase><testcase classname="integrate.software2Test" name="Software1 Test should pass test case 1 _ v1.t1.2" time="1.458">
                      
                    </testcase><testcase classname="integrate.software2Test" name="Software1 Test should pass test case 2 _ v1.0.1" time="1.446">
                      
                    </testcase><testcase classname="integrate.software2Test" name="Software1 Test should pass test case 2 _ v1.0.2" time="1.439">
                      
                    </testcase><testcase classname="integrate.software2Test" name="Software1 Test should pass test case 2 _ v1.0.3" time="1.494">
                      
                    </testcase><testcase classname="integrate.software2Test" name="Software1 Test should pass test case 2 _ v1.0.4" time="1.426">
                      
                    </testcase><testcase classname="integrate.software2Test" name="Software1 Test should pass test case 2 _ v1.0.5" time="1.468">
                      
                    </testcase><testcase classname="integrate.software2Test" name="Software1 Test should pass test case 3 _ v1.0.1" time="1.446">
                      
                    </testcase><testcase classname="integrate.software2Test" name="Software1 Test should pass test case 3 _ v1.0.2" time="1.404">
                      
                    </testcase><testcase classname="integrate.software2Test" name="Software1 Test should pass test case 3 _ v1.0.3" time="1.357">
                      
                    </testcase><testcase classname="integrate.software2Test" name="Software1 Test should pass test case 3 _ v1.0.4" time="1.498">
                      
                    </testcase><testcase classname="integrate.software2Test" name="Software1 Test should pass test case 3 _ v1.0.5" time="1.439">
                      
                    </testcase><testcase classname="integrate.software2Test" name="Software1 Test should pass test case 4 _ v1.0.1" time="1.849">
                      
                    </testcase><testcase classname="integrate.software2Test" name="Software1 Test should pass test case 4 _ v1.0.2" time="1.796">
                      
                    </testcase><testcase classname="integrate.software2Test" name="Software1 Test should pass test case 5 _ v1.0.1" time="1.438">
                      
                    </testcase><testcase classname="integrate.software2Test" name="Software1 Test should pass test case 5 _ v1.0.2" time="1.441">
                      
                    </testcase><testcase classname="integrate.software2Test" name="Software1 Test should pass test case 6 _ v1.0.1" time="1.394">
                      
                    </testcase><testcase classname="integrate.software2Test" name="Software1 Test should pass test case 6 _ v1.0.2" time="1.476">
                      
                    </testcase><testcase classname="integrate.software2Test" name="Software1 Test should pass test case 6 _ v1.0.3" time="1.406">
                      
                    </testcase><testcase classname="integrate.software2Test" name="Software1 Test should pass test case 6 _ v1.0.4" time="1.441">
                      
                    </testcase>
          <system-out><![CDATA[]]></system-out>
          <system-err><![CDATA[]]></system-err>
        </testsuite>