<?xml version='1.0' encoding='UTF-8'?>
<testsuite hostname="LAPTOP-OLOKS0CM" name="integrate.software2Test" tests="34" errors="0" failures="3" skipped="0" time="48.829" timestamp="2024-05-25T16:30:50">
          <properties>
      <property name="java.specification.version" value="17"/><property name="sun.cpu.isalist" value="amd64"/><property name="sun.jnu.encoding" value="GBK"/><property name="sun.arch.data.model" value="64"/><property name="sbt.supershell" value="false"/><property name="java.vendor.url" value="https://java.oracle.com/"/><property name="sun.boot.library.path" value="C:\Program Files\Java\jdk-17.0.4.1\bin"/><property name="sun.java.command" value="C:\Users\86136\AppData\Roaming\JetBrains\IntelliJIdea2023.3\plugins\Scala\launcher\sbt-launch.jar early(addPluginSbtFile=&quot;&quot;&quot;C:\Users\86136\AppData\Local\Temp\idea1.sbt&quot;&quot;&quot;) ; set ideaPort in Global := 8154 ; idea-shell"/><property name="jdk.debug" value="release"/><property name="sun.stderr.encoding" value="ms936"/><property name="java.specification.vendor" value="Oracle Corporation"/><property name="java.version.date" value="2022-08-18"/><property name="java.home" value="C:\Program Files\Java\jdk-17.0.4.1"/><property name="file.separator" value="\"/><property name="java.vm.compressedOopsMode" value="32-bit"/><property name="line.separator" value="
"/><property name="sun.stdout.encoding" value="ms936"/><property name="java.vm.specification.vendor" value="Oracle Corporation"/><property name="java.specification.name" value="Java Platform API Specification"/><property name="idea.installation.dir" value="E:\ProgramFiles4\IntelliJ IDEA 2023.3.5"/><property name="user.script" value=""/><property name="sun.management.compiler" value="HotSpot 64-Bit Tiered Compilers"/><property name="java.runtime.version" value="17.0.4.1+1-LTS-2"/><property name="user.name" value="86136"/><property name="log4j.ignoreTCL" value="true"/><property name="file.encoding" value="UTF-8"/><property name="jnidispatch.path" value="C:\Users\86136\AppData\Local\Temp\jna-53374614\jna14906561208018123761.dll"/><property name="jna.loaded" value="true"/><property name="java.io.tmpdir" value="C:\Users\86136\AppData\Local\Temp\"/><property name="java.version" value="17.0.4.1"/><property name="java.vm.specification.name" value="Java Virtual Machine Specification"/><property name="sun.os.patch.level" value=""/><property name="native.encoding" value="GBK"/><property name="java.library.path" value="C:\Program Files\Java\jdk-17.0.4.1\bin;C:\WINDOWS\Sun\Java\bin;C:\WINDOWS\system32;C:\WINDOWS;E:\ProgramFiles4\Python\Python3913\Scripts\;E:\ProgramFiles4\Python\Python3913\;C:\Program Files\Java\jdk-1.8\bin;C:\Program Files\PlasticSCM5\server;C:\Program Files\PlasticSCM5\client;C:\Program Files (x86)\VMware\VMware Workstation\bin\;C:\Program Files\Common Files\Oracle\Java\javapath;C:\Program Files (x86)\Common Files\Oracle\Java\java8path;C:\Program Files (x86)\Common Files\Oracle\Java\javapath;C:\Program Files (x86)\Common Files\Intel\Shared Libraries\redist\intel64\compiler;C:\Windows\system32;C:\Windows;C:\Windows\System32\Wbem;C:\Windows\System32\WindowsPowerShell\v1.0\;C:\Windows\System32\OpenSSH\;C:\Program Files (x86)\NVIDIA Corporation\PhysX\Common;C:\Program Files\NVIDIA Corporation\NVIDIA NvDLISR;C:\Program Files\dotnet\;D:\Program Files 2\Git\cmd;C:\WINDOWS\system32;C:\WINDOWS;C:\WINDOWS\System32\Wbem;C:\WINDOWS\System32\WindowsPowerShell\v1.0\;C:\WINDOWS\System32\OpenSSH\;C:\Users\86136\AppData\Local\Programs\Python\Python39;C:\Users\86136\AppData\Local\Programs\Python\Python39\Scripts;C:\Program Files\Microsoft SQL Server\150\Tools\Binn\;D:\Program Files 2\OpenSim\OpenSim 4.4\bin;C:\JAVA_Environment\MySQL\mysql-8.0.33-winx64\bin;:\Program Files\Apache Software Foundation\apache-tomcat-9.0.78\bin;:\Program Files\Apache Software Foundation\apache-tomcat-9.0.78\lib;C:\Program Files\nodejs\;E:\Program Files 3\MATLAB\R2023a\bin;E:\Program Files 3\Lingo 18.0\;E:\Program Files 3\Xftp 7\;D:\Program Files 2\MySQL 5.7\mysql-5.7.42-winx64\bin;C:\Program Files\Java\jdk-17.0.4.1\bin;C:\Program Files\OpenSSL-Win64\bin;C:\Program Files (x86)\Prince\engine\bin;E:\Program Files 3\PostgreSQL\15\bin;E:\ProgramFiles4\Xilinx\Vivado\2017.4\bin;E:\ProgramFiles4\PostgreSQL\15\bin;E:\ProgramFiles4\Cygwin\bin;E:\ProgramFiles4\Graphviz\bin;E:\ProgramFiles4\curl-8.6.0_3-win64-mingw\curl-8.6.0_3-win64-mingw\bin;E:\ProgramFiles4\BIND\BIND9.16.48.x64;E:\ProgramFiles4\riscv-gcc\xpack-riscv-none-elf-gcc-13.2.0-2-win32-x64\xpack-riscv-none-elf-gcc-13.2.0-2\bin;E:\ProgramFiles4\hexdump-2.1.0;E:\ProgramFiles4\apache-jmeter-5.6.3\bin;E:\ProgramFiles4\allure\allure-2.27.0\bin;C:\Program Files\Google\Chrome\Application;C:\Program Files\NVIDIA Corporation\Nsight Compute 2023.3.1\;E:\ProgramFiles4\Python\Python376\Scripts;E:\ProgramFiles4\Python\Python380\Scripts;C:\Program Files (x86)\Windows Kits\10\Windows Performance Toolkit\;C:\Users\86136\AppData\Local\Microsoft\WindowsApps;D:\Program Files 2\IntelliJ IDEA Community Edition 2022.2.1\bin;C:\Users\86136\.dotnet\tools;E:\ProgramFiles4\PyCharm 2023.3.4\bin;E:\ProgramFiles4\IntelliJ IDEA 2023.3.5\bin;E:\Program Files 3\CLion 2023.1.4\bin;C:\Users\86136\AppData\Roaming\npm;E:\Program Files 3\Microsoft VS Code\bin;C:\Users\86136\.dotnet\tools;E:\ProgramFiles4\iverilog\bin;E:\ProgramFiles4\iverilog\gtkwave\bin;E:\ProgramFiles4\Graphviz\bin;C:\Users\86136\AppData\Local\JetBrains\Toolbox\scripts;;."/><property name="java.vendor" value="Oracle Corporation"/><property name="sun.io.unicode.encoding" value="UnicodeLittle"/><property name="java.class.path" value="C:\Users\86136\AppData\Roaming\JetBrains\IntelliJIdea2023.3\plugins\Scala\launcher\sbt-launch.jar"/><property name="java.vm.vendor" value="Oracle Corporation"/><property name="user.variant" value=""/><property name="jline.shutdownhook" value="false"/><property name="user.timezone" value="Asia/Shanghai"/><property name="java.vm.specification.version" value="17"/><property name="os.name" value="Windows 11"/><property name="sun.java.launcher" value="SUN_STANDARD"/><property name="user.country" value="CN"/><property name="sun.cpu.endian" value="little"/><property name="user.home" value="C:\Users\86136"/><property name="user.language" value="zh"/><property name="sbt.ipcsocket.tmpdir" value="C:\Users\86136\AppData\Local\Temp\.sbtd8f2ab37\ipcsocket"/><property name="swoval.tmpdir" value="C:\Users\86136\AppData\Local\Temp\.sbtd8f2ab37\swoval"/><property name="jline.esc.timeout" value="0"/><property name="path.separator" value=";"/><property name="os.version" value="10.0"/><property name="jna.nosys" value="true"/><property name="java.runtime.name" value="Java(TM) SE Runtime Environment"/><property name="sbt.log.noformat" value="true"/><property name="java.vm.name" value="Java HotSpot(TM) 64-Bit Server VM"/><property name="java.vendor.url.bug" value="https://bugreport.java.com/bugreport/"/><property name="user.dir" value="D:\ComputerScience\Projects\CPUdemo\hardware"/><property name="os.arch" value="amd64"/><property name="idea.managed" value="true"/><property name="java.vm.info" value="mixed mode, sharing"/><property name="java.vm.version" value="17.0.4.1+1-LTS-2"/><property name="java.class.version" value="61.0"/>
    </properties>
          <testcase classname="integrate.software2Test" name="Software1 Test should correctly initialize the data address" time="0.489">
                      
                    </testcase><testcase classname="integrate.software2Test" name="Software1 Test should pass test case 0 _ v1.0.1" time="1.45">
                      
                    </testcase><testcase classname="integrate.software2Test" name="Software1 Test should pass test case 0 _ v1.t1.1" time="1.423">
                      
                    </testcase><testcase classname="integrate.software2Test" name="Software1 Test should pass test case 0 _ v1.t2.1" time="1.601">
                      
                    </testcase><testcase classname="integrate.software2Test" name="Software1 Test should pass test case 1 _ v1.0.1" time="1.474">
                      
                    </testcase><testcase classname="integrate.software2Test" name="Software1 Test should pass test case 1 _ v1.0.2" time="1.422">
                      
                    </testcase><testcase classname="integrate.software2Test" name="Software1 Test should pass test case 1 _ v1.0.3" time="1.426">
                      
                    </testcase><testcase classname="integrate.software2Test" name="Software1 Test should pass test case 1 _ v1.0.4" time="1.401">
                      
                    </testcase><testcase classname="integrate.software2Test" name="Software1 Test should pass test case 1 _ v1.0.5" time="1.465">
                      
                    </testcase><testcase classname="integrate.software2Test" name="Software1 Test should pass test case 1 _ v1.0.6 : corner case - very small" time="1.468">
                      
                    </testcase><testcase classname="integrate.software2Test" name="Software1 Test should pass test case 1 _ v1.0.7 : corner case - very small" time="1.405">
                      <failure message="io_led_led=1 (0x1) did not equal expected=0 (0x0) (lines in software2Test.scala: 240)" type="org.scalatest.exceptions.TestFailedException">org.scalatest.exceptions.TestFailedException: io_led_led=1 (0x1) did not equal expected=0 (0x0) (lines in software2Test.scala: 240)
	at chiseltest.internal.TestEnvInterface.signalExpectFailure(TestEnvInterface.scala:58)
	at chiseltest.internal.TestEnvInterface.signalExpectFailure$(TestEnvInterface.scala:45)
	at integrate.software2Test.signalExpectFailure(software2Test.scala:10)
	at chiseltest.package$Utils$.expectFailed(package.scala:512)
	at chiseltest.package$Utils$.expectBits(package.scala:503)
	at chiseltest.package$testableUInt.expectInternal(package.scala:55)
	at chiseltest.package$testableUInt.expect(package.scala:57)
	at integrate.software2Test.$anonfun$new$33(software2Test.scala:257)
	at integrate.software2Test.$anonfun$new$33$adapted(software2Test.scala:240)
	at chiseltest.internal.GenericBackend.$anonfun$run$1(GenericBackend.scala:151)
	at chiseltest.internal.ThreadedBackend$TesterThread$$anon$1.$anonfun$run$1(ThreadedBackend.scala:495)
	at chiseltest.internal.GenericBackend.doTimescope(GenericBackend.scala:96)
	at chiseltest.internal.ThreadedBackend$TesterThread$$anon$1.run(ThreadedBackend.scala:495)
	at java.base/java.lang.Thread.run(Thread.java:833)
Caused by: chiseltest.internal.FailedExpectException: io_led_led=1 (0x1) did not equal expected=0 (0x0) (lines in software2Test.scala: 240)
	... 14 more
</failure>
                    </testcase><testcase classname="integrate.software2Test" name="Software1 Test should pass test case 1 _ v1.0.8 : corner case - very small" time="1.418">
                      
                    </testcase><testcase classname="integrate.software2Test" name="Software1 Test should pass test case 1 _ v1.0.9 : corner case - very large (inf)" time="1.44">
                      <failure message="Value 17592186044416 does not fit into the range of Top.io.led.led: IO[UInt&lt;24&gt;] (0 ... 16777215)" type="chisel3.internal.ChiselException">chisel3.internal.ChiselException: Value 17592186044416 does not fit into the range of Top.io.led.led: IO[UInt&lt;24&gt;] (0 ... 16777215)
	at chiseltest.package$Utils$.ensureInRange(package.scala:401)
	at chiseltest.package$Utils$.ensureFits(package.scala:384)
	at chiseltest.package$testableUInt.expectInternal(package.scala:54)
	at chiseltest.package$testableUInt.expect(package.scala:57)
	at integrate.software2Test.$anonfun$new$39(software2Test.scala:302)
	at integrate.software2Test.$anonfun$new$39$adapted(software2Test.scala:285)
	at chiseltest.internal.GenericBackend.$anonfun$run$1(GenericBackend.scala:151)
	at chiseltest.internal.ThreadedBackend$TesterThread$$anon$1.$anonfun$run$1(ThreadedBackend.scala:495)
	at chiseltest.internal.GenericBackend.doTimescope(GenericBackend.scala:96)
	at chiseltest.internal.ThreadedBackend$TesterThread$$anon$1.run(ThreadedBackend.scala:495)
	at java.base/java.lang.Thread.run(Thread.java:833)
</failure>
                    </testcase><testcase classname="integrate.software2Test" name="Software1 Test should pass test case 1 _ v1.0.10  : corner case - very large (-inf)" time="1.391">
                      
                    </testcase><testcase classname="integrate.software2Test" name="Software1 Test should pass test case 1 _ v1.0.11  : corner case - very large (NaN)" time="1.44">
                      <failure message="Value 17592186044416 does not fit into the range of Top.io.led.led: IO[UInt&lt;24&gt;] (0 ... 16777215)" type="chisel3.internal.ChiselException">chisel3.internal.ChiselException: Value 17592186044416 does not fit into the range of Top.io.led.led: IO[UInt&lt;24&gt;] (0 ... 16777215)
	at chiseltest.package$Utils$.ensureInRange(package.scala:401)
	at chiseltest.package$Utils$.ensureFits(package.scala:384)
	at chiseltest.package$testableUInt.expectInternal(package.scala:54)
	at chiseltest.package$testableUInt.expect(package.scala:57)
	at integrate.software2Test.$anonfun$new$45(software2Test.scala:348)
	at integrate.software2Test.$anonfun$new$45$adapted(software2Test.scala:331)
	at chiseltest.internal.GenericBackend.$anonfun$run$1(GenericBackend.scala:151)
	at chiseltest.internal.ThreadedBackend$TesterThread$$anon$1.$anonfun$run$1(ThreadedBackend.scala:495)
	at chiseltest.internal.GenericBackend.doTimescope(GenericBackend.scala:96)
	at chiseltest.internal.ThreadedBackend$TesterThread$$anon$1.run(ThreadedBackend.scala:495)
	at java.base/java.lang.Thread.run(Thread.java:833)
</failure>
                    </testcase><testcase classname="integrate.software2Test" name="Software1 Test should pass test case 1 _ v1.t1.2" time="1.458">
                      
                    </testcase><testcase classname="integrate.software2Test" name="Software1 Test should pass test case 2 _ v1.0.1" time="1.446">
                      
                    </testcase><testcase classname="integrate.software2Test" name="Software1 Test should pass test case 2 _ v1.0.2" time="1.439">
                      
                    </testcase><testcase classname="integrate.software2Test" name="Software1 Test should pass test case 2 _ v1.0.3" time="1.494">
                      
                    </testcase><testcase classname="integrate.software2Test" name="Software1 Test should pass test case 2 _ v1.0.4" time="1.426">
                      
                    </testcase><testcase classname="integrate.software2Test" name="Software1 Test should pass test case 2 _ v1.0.5" time="1.468">
                      
                    </testcase><testcase classname="integrate.software2Test" name="Software1 Test should pass test case 3 _ v1.0.1" time="1.446">
                      
                    </testcase><testcase classname="integrate.software2Test" name="Software1 Test should pass test case 3 _ v1.0.2" time="1.404">
                      
                    </testcase><testcase classname="integrate.software2Test" name="Software1 Test should pass test case 3 _ v1.0.3" time="1.357">
                      
                    </testcase><testcase classname="integrate.software2Test" name="Software1 Test should pass test case 3 _ v1.0.4" time="1.498">
                      
                    </testcase><testcase classname="integrate.software2Test" name="Software1 Test should pass test case 3 _ v1.0.5" time="1.439">
                      
                    </testcase><testcase classname="integrate.software2Test" name="Software1 Test should pass test case 4 _ v1.0.1" time="1.849">
                      
                    </testcase><testcase classname="integrate.software2Test" name="Software1 Test should pass test case 4 _ v1.0.2" time="1.796">
                      
                    </testcase><testcase classname="integrate.software2Test" name="Software1 Test should pass test case 5 _ v1.0.1" time="1.438">
                      
                    </testcase><testcase classname="integrate.software2Test" name="Software1 Test should pass test case 5 _ v1.0.2" time="1.441">
                      
                    </testcase><testcase classname="integrate.software2Test" name="Software1 Test should pass test case 6 _ v1.0.1" time="1.394">
                      
                    </testcase><testcase classname="integrate.software2Test" name="Software1 Test should pass test case 6 _ v1.0.2" time="1.476">
                      
                    </testcase><testcase classname="integrate.software2Test" name="Software1 Test should pass test case 6 _ v1.0.3" time="1.406">
                      
                    </testcase><testcase classname="integrate.software2Test" name="Software1 Test should pass test case 6 _ v1.0.4" time="1.441">
                      
                    </testcase>
          <system-out><![CDATA[]]></system-out>
          <system-err><![CDATA[]]></system-err>
        </testsuite>