<?xml version='1.0' encoding='UTF-8'?>
<testsuite hostname="LAPTOP-OLOKS0CM" name="integrate.software1Test" tests="15" errors="0" failures="5" skipped="0" time="27.321" timestamp="2024-05-24T16:09:25">
          <properties>
      <property name="java.specification.version" value="17"/><property name="sun.cpu.isalist" value="amd64"/><property name="sun.jnu.encoding" value="GBK"/><property name="sun.arch.data.model" value="64"/><property name="sbt.supershell" value="false"/><property name="java.vendor.url" value="https://java.oracle.com/"/><property name="sun.boot.library.path" value="C:\Program Files\Java\jdk-17.0.4.1\bin"/><property name="sun.java.command" value="C:\Users\86136\AppData\Roaming\JetBrains\IntelliJIdea2023.3\plugins\Scala\launcher\sbt-launch.jar early(addPluginSbtFile=&quot;&quot;&quot;C:\Users\86136\AppData\Local\Temp\idea10.sbt&quot;&quot;&quot;) ; set ideaPort in Global := 10702 ; idea-shell"/><property name="jdk.debug" value="release"/><property name="sun.stderr.encoding" value="ms936"/><property name="java.specification.vendor" value="Oracle Corporation"/><property name="java.version.date" value="2022-08-18"/><property name="java.home" value="C:\Program Files\Java\jdk-17.0.4.1"/><property name="file.separator" value="\"/><property name="java.vm.compressedOopsMode" value="32-bit"/><property name="line.separator" value="
"/><property name="sun.stdout.encoding" value="ms936"/><property name="java.vm.specification.vendor" value="Oracle Corporation"/><property name="java.specification.name" value="Java Platform API Specification"/><property name="idea.installation.dir" value="E:\ProgramFiles4\IntelliJ IDEA 2023.3.5"/><property name="user.script" value=""/><property name="sun.management.compiler" value="HotSpot 64-Bit Tiered Compilers"/><property name="java.runtime.version" value="17.0.4.1+1-LTS-2"/><property name="user.name" value="86136"/><property name="log4j.ignoreTCL" value="true"/><property name="file.encoding" value="UTF-8"/><property name="jnidispatch.path" value="C:\Users\86136\AppData\Local\Temp\jna-53374614\jna10193628172249917044.dll"/><property name="jna.loaded" value="true"/><property name="java.io.tmpdir" value="C:\Users\86136\AppData\Local\Temp\"/><property name="java.version" value="17.0.4.1"/><property name="java.vm.specification.name" value="Java Virtual Machine Specification"/><property name="sun.os.patch.level" value=""/><property name="native.encoding" value="GBK"/><property name="java.library.path" value="C:\Program Files\Java\jdk-17.0.4.1\bin;C:\WINDOWS\Sun\Java\bin;C:\WINDOWS\system32;C:\WINDOWS;E:\ProgramFiles4\Python\Python3913\Scripts\;E:\ProgramFiles4\Python\Python3913\;C:\Program Files\Java\jdk-1.8\bin;C:\Program Files\PlasticSCM5\server;C:\Program Files\PlasticSCM5\client;C:\Program Files (x86)\VMware\VMware Workstation\bin\;C:\Program Files\Common Files\Oracle\Java\javapath;C:\Program Files (x86)\Common Files\Oracle\Java\java8path;C:\Program Files (x86)\Common Files\Oracle\Java\javapath;C:\Program Files (x86)\Common Files\Intel\Shared Libraries\redist\intel64\compiler;C:\Windows\system32;C:\Windows;C:\Windows\System32\Wbem;C:\Windows\System32\WindowsPowerShell\v1.0\;C:\Windows\System32\OpenSSH\;C:\Program Files (x86)\NVIDIA Corporation\PhysX\Common;C:\Program Files\NVIDIA Corporation\NVIDIA NvDLISR;C:\Program Files\dotnet\;D:\Program Files 2\Git\cmd;C:\WINDOWS\system32;C:\WINDOWS;C:\WINDOWS\System32\Wbem;C:\WINDOWS\System32\WindowsPowerShell\v1.0\;C:\WINDOWS\System32\OpenSSH\;C:\Users\86136\AppData\Local\Programs\Python\Python39;C:\Users\86136\AppData\Local\Programs\Python\Python39\Scripts;C:\Program Files\Microsoft SQL Server\150\Tools\Binn\;D:\Program Files 2\OpenSim\OpenSim 4.4\bin;C:\JAVA_Environment\MySQL\mysql-8.0.33-winx64\bin;:\Program Files\Apache Software Foundation\apache-tomcat-9.0.78\bin;:\Program Files\Apache Software Foundation\apache-tomcat-9.0.78\lib;C:\Program Files\nodejs\;E:\Program Files 3\MATLAB\R2023a\bin;E:\Program Files 3\Lingo 18.0\;E:\Program Files 3\Xftp 7\;D:\Program Files 2\MySQL 5.7\mysql-5.7.42-winx64\bin;C:\Program Files\Java\jdk-17.0.4.1\bin;C:\Program Files\OpenSSL-Win64\bin;C:\Program Files (x86)\Prince\engine\bin;E:\Program Files 3\PostgreSQL\15\bin;E:\ProgramFiles4\Xilinx\Vivado\2017.4\bin;E:\ProgramFiles4\PostgreSQL\15\bin;E:\ProgramFiles4\Cygwin\bin;E:\ProgramFiles4\Graphviz\bin;E:\ProgramFiles4\curl-8.6.0_3-win64-mingw\curl-8.6.0_3-win64-mingw\bin;E:\ProgramFiles4\BIND\BIND9.16.48.x64;E:\ProgramFiles4\riscv-gcc\xpack-riscv-none-elf-gcc-13.2.0-2-win32-x64\xpack-riscv-none-elf-gcc-13.2.0-2\bin;E:\ProgramFiles4\hexdump-2.1.0;E:\ProgramFiles4\apache-jmeter-5.6.3\bin;E:\ProgramFiles4\allure\allure-2.27.0\bin;C:\Program Files\Google\Chrome\Application;C:\Program Files\NVIDIA Corporation\Nsight Compute 2023.3.1\;E:\ProgramFiles4\Python\Python376\Scripts;E:\ProgramFiles4\Python\Python380\Scripts;C:\Program Files (x86)\Windows Kits\10\Windows Performance Toolkit\;C:\Users\86136\AppData\Local\Microsoft\WindowsApps;D:\Program Files 2\IntelliJ IDEA Community Edition 2022.2.1\bin;C:\Users\86136\.dotnet\tools;E:\ProgramFiles4\PyCharm 2023.3.4\bin;E:\ProgramFiles4\IntelliJ IDEA 2023.3.5\bin;E:\Program Files 3\CLion 2023.1.4\bin;C:\Users\86136\AppData\Roaming\npm;E:\Program Files 3\Microsoft VS Code\bin;C:\Users\86136\.dotnet\tools;E:\ProgramFiles4\iverilog\bin;E:\ProgramFiles4\iverilog\gtkwave\bin;E:\ProgramFiles4\Graphviz\bin;C:\Users\86136\AppData\Local\JetBrains\Toolbox\scripts;;."/><property name="java.vendor" value="Oracle Corporation"/><property name="sun.io.unicode.encoding" value="UnicodeLittle"/><property name="java.class.path" value="C:\Users\86136\AppData\Roaming\JetBrains\IntelliJIdea2023.3\plugins\Scala\launcher\sbt-launch.jar"/><property name="java.vm.vendor" value="Oracle Corporation"/><property name="user.variant" value=""/><property name="jline.shutdownhook" value="false"/><property name="user.timezone" value="Asia/Shanghai"/><property name="java.vm.specification.version" value="17"/><property name="os.name" value="Windows 11"/><property name="sun.java.launcher" value="SUN_STANDARD"/><property name="user.country" value="CN"/><property name="sun.cpu.endian" value="little"/><property name="user.home" value="C:\Users\86136"/><property name="user.language" value="zh"/><property name="sbt.ipcsocket.tmpdir" value="C:\Users\86136\AppData\Local\Temp\.sbtd8f2ab37\ipcsocket"/><property name="swoval.tmpdir" value="C:\Users\86136\AppData\Local\Temp\.sbtd8f2ab37\swoval"/><property name="jline.esc.timeout" value="0"/><property name="path.separator" value=";"/><property name="os.version" value="10.0"/><property name="jna.nosys" value="true"/><property name="java.runtime.name" value="Java(TM) SE Runtime Environment"/><property name="sbt.log.noformat" value="true"/><property name="java.vm.name" value="Java HotSpot(TM) 64-Bit Server VM"/><property name="java.vendor.url.bug" value="https://bugreport.java.com/bugreport/"/><property name="user.dir" value="D:\ComputerScience\Projects\CPUdemo\hardware"/><property name="os.arch" value="amd64"/><property name="idea.managed" value="true"/><property name="java.vm.info" value="mixed mode, sharing"/><property name="java.vm.version" value="17.0.4.1+1-LTS-2"/><property name="java.class.version" value="61.0"/>
    </properties>
          <testcase classname="integrate.software1Test" name="Software1 Test should correctly initialize the data address" time="1.169">
                      
                    </testcase><testcase classname="integrate.software1Test" name="Software1 Test should correctly initialize the data address : t1" time="0.904">
                      
                    </testcase><testcase classname="integrate.software1Test" name="Software1 Test should correctly initialize the data address : t2" time="0.693">
                      
                    </testcase><testcase classname="integrate.software1Test" name="Software1 Test should jump to the correct place1 : stay in the cycle if no correct input in button" time="1.121">
                      
                    </testcase><testcase classname="integrate.software1Test" name="Software1 Test should jump to the correct place2 : jump to case 0 if input 0 in button" time="1.862">
                      
                    </testcase><testcase classname="integrate.software1Test" name="Software1 Test should jump to the correct place3 : jump to case 1 if input 1 in button" time="1.247">
                      
                    </testcase><testcase classname="integrate.software1Test" name="Software1 Test should jump to the correct place4 : jump to case 2 if input 2 in button" time="1.263">
                      
                    </testcase><testcase classname="integrate.software1Test" name="Software1 Test should jump to the correct place5 : jump to case 3 if input 3 in button" time="2.452">
                      
                    </testcase><testcase classname="integrate.software1Test" name="Software1 Test should jump to the correct place5 : jump to case 3 if input 3 in button _ test jump" time="2.372">
                      <failure message="debug_io_reg_vals_reg_vals_31=0 (0x0) did not equal expected=1 (0x1) (lines in software1Test.scala: 238, 191)" type="org.scalatest.exceptions.TestFailedException">org.scalatest.exceptions.TestFailedException: debug_io_reg_vals_reg_vals_31=0 (0x0) did not equal expected=1 (0x1) (lines in software1Test.scala: 238, 191)
	at chiseltest.internal.TestEnvInterface.signalExpectFailure(TestEnvInterface.scala:58)
	at chiseltest.internal.TestEnvInterface.signalExpectFailure$(TestEnvInterface.scala:45)
	at integrate.software1Test.signalExpectFailure(software1Test.scala:10)
	at chiseltest.package$Utils$.expectFailed(package.scala:512)
	at chiseltest.package$Utils$.expectBits(package.scala:503)
	at chiseltest.package$testableUInt.expectInternal(package.scala:55)
	at chiseltest.package$testableUInt.expect(package.scala:57)
	at utils.InsUtils$.checkRegsInTop(InsUtils.scala:51)
	at integrate.software1Test.$anonfun$new$27(software1Test.scala:238)
	at integrate.software1Test.$anonfun$new$27$adapted(software1Test.scala:191)
	at chiseltest.internal.GenericBackend.$anonfun$run$1(GenericBackend.scala:151)
	at chiseltest.internal.ThreadedBackend$TesterThread$$anon$1.$anonfun$run$1(ThreadedBackend.scala:495)
	at chiseltest.internal.GenericBackend.doTimescope(GenericBackend.scala:96)
	at chiseltest.internal.ThreadedBackend$TesterThread$$anon$1.run(ThreadedBackend.scala:495)
	at java.base/java.lang.Thread.run(Thread.java:833)
Caused by: chiseltest.internal.FailedExpectException: debug_io_reg_vals_reg_vals_31=0 (0x0) did not equal expected=1 (0x1) (lines in software1Test.scala: 238, 191)
	... 15 more
</failure>
                    </testcase><testcase classname="integrate.software1Test" name="Software1 Test should jump to the correct place5.1 : jump to case 3 if input 3 in button" time="2.34">
                      <failure message="debug_io_reg_vals_reg_vals_31=0 (0x0) did not equal expected=1 (0x1) (lines in software1Test.scala: 292, 246)" type="org.scalatest.exceptions.TestFailedException">org.scalatest.exceptions.TestFailedException: debug_io_reg_vals_reg_vals_31=0 (0x0) did not equal expected=1 (0x1) (lines in software1Test.scala: 292, 246)
	at chiseltest.internal.TestEnvInterface.signalExpectFailure(TestEnvInterface.scala:58)
	at chiseltest.internal.TestEnvInterface.signalExpectFailure$(TestEnvInterface.scala:45)
	at integrate.software1Test.signalExpectFailure(software1Test.scala:10)
	at chiseltest.package$Utils$.expectFailed(package.scala:512)
	at chiseltest.package$Utils$.expectBits(package.scala:503)
	at chiseltest.package$testableUInt.expectInternal(package.scala:55)
	at chiseltest.package$testableUInt.expect(package.scala:57)
	at utils.InsUtils$.checkRegsInTop(InsUtils.scala:51)
	at integrate.software1Test.$anonfun$new$30(software1Test.scala:292)
	at integrate.software1Test.$anonfun$new$30$adapted(software1Test.scala:246)
	at chiseltest.internal.GenericBackend.$anonfun$run$1(GenericBackend.scala:151)
	at chiseltest.internal.ThreadedBackend$TesterThread$$anon$1.$anonfun$run$1(ThreadedBackend.scala:495)
	at chiseltest.internal.GenericBackend.doTimescope(GenericBackend.scala:96)
	at chiseltest.internal.ThreadedBackend$TesterThread$$anon$1.run(ThreadedBackend.scala:495)
	at java.base/java.lang.Thread.run(Thread.java:833)
Caused by: chiseltest.internal.FailedExpectException: debug_io_reg_vals_reg_vals_31=0 (0x0) did not equal expected=1 (0x1) (lines in software1Test.scala: 292, 246)
	... 15 more
</failure>
                    </testcase><testcase classname="integrate.software1Test" name="Software1 Test should jump to the correct place6 : jump to case 4 if input 4 in button" time="2.397">
                      <failure message="debug_io_reg_vals_reg_vals_31=0 (0x0) did not equal expected=1 (0x1) (lines in software1Test.scala: 348, 300)" type="org.scalatest.exceptions.TestFailedException">org.scalatest.exceptions.TestFailedException: debug_io_reg_vals_reg_vals_31=0 (0x0) did not equal expected=1 (0x1) (lines in software1Test.scala: 348, 300)
	at chiseltest.internal.TestEnvInterface.signalExpectFailure(TestEnvInterface.scala:58)
	at chiseltest.internal.TestEnvInterface.signalExpectFailure$(TestEnvInterface.scala:45)
	at integrate.software1Test.signalExpectFailure(software1Test.scala:10)
	at chiseltest.package$Utils$.expectFailed(package.scala:512)
	at chiseltest.package$Utils$.expectBits(package.scala:503)
	at chiseltest.package$testableUInt.expectInternal(package.scala:55)
	at chiseltest.package$testableUInt.expect(package.scala:57)
	at utils.InsUtils$.checkRegsInTop(InsUtils.scala:51)
	at integrate.software1Test.$anonfun$new$33(software1Test.scala:348)
	at integrate.software1Test.$anonfun$new$33$adapted(software1Test.scala:300)
	at chiseltest.internal.GenericBackend.$anonfun$run$1(GenericBackend.scala:151)
	at chiseltest.internal.ThreadedBackend$TesterThread$$anon$1.$anonfun$run$1(ThreadedBackend.scala:495)
	at chiseltest.internal.GenericBackend.doTimescope(GenericBackend.scala:96)
	at chiseltest.internal.ThreadedBackend$TesterThread$$anon$1.run(ThreadedBackend.scala:495)
	at java.base/java.lang.Thread.run(Thread.java:833)
Caused by: chiseltest.internal.FailedExpectException: debug_io_reg_vals_reg_vals_31=0 (0x0) did not equal expected=1 (0x1) (lines in software1Test.scala: 348, 300)
	... 15 more
</failure>
                    </testcase><testcase classname="integrate.software1Test" name="Software1 Test should jump to the correct place7 : jump to case 5 if input 5 in button" time="2.544">
                      
                    </testcase><testcase classname="integrate.software1Test" name="Software1 Test should jump to the correct place7.2 : jump to case 5 if input 5 in button" time="2.207">
                      <failure message="debug_io_reg_vals_reg_vals_31=0 (0x0) did not equal expected=1 (0x1) (lines in software1Test.scala: 455, 410)" type="org.scalatest.exceptions.TestFailedException">org.scalatest.exceptions.TestFailedException: debug_io_reg_vals_reg_vals_31=0 (0x0) did not equal expected=1 (0x1) (lines in software1Test.scala: 455, 410)
	at chiseltest.internal.TestEnvInterface.signalExpectFailure(TestEnvInterface.scala:58)
	at chiseltest.internal.TestEnvInterface.signalExpectFailure$(TestEnvInterface.scala:45)
	at integrate.software1Test.signalExpectFailure(software1Test.scala:10)
	at chiseltest.package$Utils$.expectFailed(package.scala:512)
	at chiseltest.package$Utils$.expectBits(package.scala:503)
	at chiseltest.package$testableUInt.expectInternal(package.scala:55)
	at chiseltest.package$testableUInt.expect(package.scala:57)
	at utils.InsUtils$.checkRegsInTop(InsUtils.scala:51)
	at integrate.software1Test.$anonfun$new$39(software1Test.scala:455)
	at integrate.software1Test.$anonfun$new$39$adapted(software1Test.scala:410)
	at chiseltest.internal.GenericBackend.$anonfun$run$1(GenericBackend.scala:151)
	at chiseltest.internal.ThreadedBackend$TesterThread$$anon$1.$anonfun$run$1(ThreadedBackend.scala:495)
	at chiseltest.internal.GenericBackend.doTimescope(GenericBackend.scala:96)
	at chiseltest.internal.ThreadedBackend$TesterThread$$anon$1.run(ThreadedBackend.scala:495)
	at java.base/java.lang.Thread.run(Thread.java:833)
Caused by: chiseltest.internal.FailedExpectException: debug_io_reg_vals_reg_vals_31=0 (0x0) did not equal expected=1 (0x1) (lines in software1Test.scala: 455, 410)
	... 15 more
</failure>
                    </testcase><testcase classname="integrate.software1Test" name="Software1 Test should jump to the correct place8 : jump to case 6 if input 6 in button" time="2.435">
                      
                    </testcase><testcase classname="integrate.software1Test" name="Software1 Test should jump to the correct place9 : jump to case 7 if input 7 in button" time="2.315">
                      <failure message="debug_io_reg_vals_reg_vals_31=0 (0x0) did not equal expected=1 (0x1) (lines in software1Test.scala: 561, 516)" type="org.scalatest.exceptions.TestFailedException">org.scalatest.exceptions.TestFailedException: debug_io_reg_vals_reg_vals_31=0 (0x0) did not equal expected=1 (0x1) (lines in software1Test.scala: 561, 516)
	at chiseltest.internal.TestEnvInterface.signalExpectFailure(TestEnvInterface.scala:58)
	at chiseltest.internal.TestEnvInterface.signalExpectFailure$(TestEnvInterface.scala:45)
	at integrate.software1Test.signalExpectFailure(software1Test.scala:10)
	at chiseltest.package$Utils$.expectFailed(package.scala:512)
	at chiseltest.package$Utils$.expectBits(package.scala:503)
	at chiseltest.package$testableUInt.expectInternal(package.scala:55)
	at chiseltest.package$testableUInt.expect(package.scala:57)
	at utils.InsUtils$.checkRegsInTop(InsUtils.scala:51)
	at integrate.software1Test.$anonfun$new$45(software1Test.scala:561)
	at integrate.software1Test.$anonfun$new$45$adapted(software1Test.scala:516)
	at chiseltest.internal.GenericBackend.$anonfun$run$1(GenericBackend.scala:151)
	at chiseltest.internal.ThreadedBackend$TesterThread$$anon$1.$anonfun$run$1(ThreadedBackend.scala:495)
	at chiseltest.internal.GenericBackend.doTimescope(GenericBackend.scala:96)
	at chiseltest.internal.ThreadedBackend$TesterThread$$anon$1.run(ThreadedBackend.scala:495)
	at java.base/java.lang.Thread.run(Thread.java:833)
Caused by: chiseltest.internal.FailedExpectException: debug_io_reg_vals_reg_vals_31=0 (0x0) did not equal expected=1 (0x1) (lines in software1Test.scala: 561, 516)
	... 15 more
</failure>
                    </testcase>
          <system-out><![CDATA[]]></system-out>
          <system-err><![CDATA[]]></system-err>
        </testsuite>