<?xml version='1.0' encoding='UTF-8'?>
<testsuite hostname="LAPTOP-OLOKS0CM" name="core.decode.ControlUnitTest" tests="1" errors="0" failures="0" skipped="0" time="0.194" timestamp="2024-05-22T21:32:09">
          <properties>
[...]
</properties>
          <testcase classname="core.decode.ControlUnitTest" name="ALU should correctly do sth" time="0.194">
                      
                    </testcase>
          <system-out><![CDATA[]]></system-out>
          <system-err><![CDATA[]]></system-err>
        </testsuite>